C:\Users\ASUS\Desktop\autocad files\Drawing1.dwg,Model,01-02-2019 09:20:42,ASUS,AutoCAD PDF (General Documentation).pc3,ISO A4 (210.00 x 297.00 MM),1:3.14065,
C:\Users\ASUS\Desktop\autocad files\drawing2.dwg,Model,01-02-2019 09:21:49,ASUS,AutoCAD PDF (General Documentation).pc3,ISO A4 (210.00 x 297.00 MM),1:2.2052,
C:\Users\ASUS\Desktop\autocad files\Drawing1.dwg,Model,01-02-2019 09:22:09,ASUS,AutoCAD PDF (General Documentation).pc3,ISO A4 (210.00 x 297.00 MM),1:3.14143,
C:\Users\ASUS\Desktop\autocad files\Drawing3.dwg,Model,01-02-2019 09:23:50,ASUS,AutoCAD PDF (General Documentation).pc3,ISO A4 (210.00 x 297.00 MM),1:3.18572,
C:\Users\ASUS\Desktop\autocad files\Drawing1.dwg,Model,01-02-2019 09:25:22,ASUS,AutoCAD PDF (General Documentation).pc3,ISO A4 (210.00 x 297.00 MM),1:3.14222,
C:\Users\ASUS\Desktop\autocad files\Drawing4.dwg,Model,13-02-2019 13:26:21,ASUS,AutoCAD PDF (General Documentation).pc3,ISO A4 (210.00 x 297.00 MM),1:3.74587,
C:\Users\ASUS\Desktop\autocad files\Drawing1.dwg,Model,13-02-2019 13:28:37,ASUS,AutoCAD PDF (High Quality Print).pc3,ISO A4 (297.00 x 210.00 MM),1:2.19225,
C:\Users\ASUS\Desktop\autocad files\drawing2.dwg,Model,13-02-2019 13:31:12,ASUS,AutoCAD PDF (High Quality Print).pc3,ISO A4 (210.00 x 297.00 MM),1:1.72326,
C:\Users\ASUS\Desktop\autocad files\drawing2.dwg,Model,13-02-2019 13:32:10,ASUS,AutoCAD PDF (High Quality Print).pc3,ISO A4 (210.00 x 297.00 MM),1:1.72383,
C:\Users\ASUS\Desktop\autocad files\drawing2.dwg,Model,13-02-2019 13:33:27,ASUS,AutoCAD PDF (High Quality Print).pc3,ISO A4 (297.00 x 210.00 MM),1:1.58026,
C:\Users\ASUS\Desktop\autocad files\Drawing3.dwg,Model,13-02-2019 13:36:18,ASUS,AutoCAD PDF (High Quality Print).pc3,ISO A4 (210.00 x 297.00 MM),1:3.189,
C:\Users\ASUS\Desktop\autocad files\Drawing3.dwg,Model,13-02-2019 13:37:44,ASUS,AutoCAD PDF (High Quality Print).pc3,ISO A4 (210.00 x 297.00 MM),1:2.4251,
C:\Users\ASUS\Desktop\autocad files\drawing2.dwg,Model,13-02-2019 13:52:13,ASUS,AutoCAD PDF (High Quality Print).pc3,ISO A4 (297.00 x 210.00 MM),1:2.06552,
C:\Users\ASUS\Desktop\autocad files\drawing2.dwg,Model,13-02-2019 13:56:51,ASUS,AutoCAD PDF (General Documentation).pc3,ISO A4 (297.00 x 210.00 MM),1:2.06561,
C:\Users\ASUS\Desktop\autocad files\drawing2.dwg,Model,13-02-2019 13:57:15,ASUS,AutoCAD PDF (General Documentation).pc3,ISO A4 (297.00 x 210.00 MM),1:2.0657,
C:\Users\ASUS\Desktop\autocad files\drawing2.dwg,Model,13-02-2019 13:57:52,ASUS,AutoCAD PDF (General Documentation).pc3,ISO A4 (297.00 x 210.00 MM),1:2.06579,
C:\Users\ASUS\Desktop\autocad files\Drawing 2.dwg,Model,13-02-2019 13:59:27,ASUS,AutoCAD PDF (General Documentation).pc3,ISO A4 (297.00 x 210.00 MM),1:1.30865,
C:\Users\ASUS\Desktop\autocad files\Drawing 2.dwg,Model,13-02-2019 14:00:14,ASUS,AutoCAD PDF (General Documentation).pc3,ISO A4 (210.00 x 297.00 MM),1:1.43821,
C:\Users\ASUS\Desktop\autocad files\Drawing 2.dwg,Model,13-02-2019 14:02:58,ASUS,AutoCAD PDF (General Documentation).pc3,ISO A4 (297.00 x 210.00 MM),1:1.30911,
C:\Users\ASUS\Desktop\autocad files\Drawing 2.dwg,Model,13-02-2019 14:09:29,ASUS,AutoCAD PDF (General Documentation).pc3,ISO A4 (297.00 x 210.00 MM),1:0.971831,
C:\Users\ASUS\Desktop\autocad files\drawing2.dwg,Model,13-02-2019 14:10:32,ASUS,AutoCAD PDF (General Documentation).pc3,ISO A4 (297.00 x 210.00 MM),1:1.09862,
C:\Users\ASUS\Desktop\autocad files\drawing2.dwg,Model,13-02-2019 14:13:15,ASUS,AutoCAD PDF (General Documentation).pc3,ISO A4 (297.00 x 210.00 MM),1:1.30102,
C:\Users\ASUS\Desktop\autocad files\Drawing 2.dwg,Model,13-02-2019 19:06:49,ASUS,AutoCAD PDF (General Documentation).pc3,ISO A4 (210.00 x 297.00 MM),1:1.4381,
C:\Users\ASUS\Desktop\autocad files\Drawing 2.dwg,Model,13-02-2019 19:09:16,ASUS,AutoCAD PDF (General Documentation).pc3,ISO A4 (297.00 x 210.00 MM),1:1.05853,
C:\Users\ASUS\Desktop\autocad files\Drawing 2.dwg,Model,13-02-2019 19:10:53,ASUS,AutoCAD PDF (High Quality Print).pc3,ISO A4 (297.00 x 210.00 MM),1:0.808652,
C:\Users\ASUS\Desktop\autocad files\Drawing 2.dwg,Model,13-02-2019 19:12:57,ASUS,AutoCAD PDF (High Quality Print).pc3,ISO A4 (297.00 x 210.00 MM),1:0.808652,
C:\Users\ASUS\Desktop\autocad files\Drawing 2.dwg,Model,13-02-2019 19:13:35,ASUS,AutoCAD PDF (High Quality Print).pc3,ISO A4 (297.00 x 210.00 MM),1:0.808652,
C:\Users\ASUS\Desktop\autocad files\Drawing 2.dwg,Model,13-02-2019 19:14:23,ASUS,DWG To PDF.pc3,ISO A4 (297.00 x 210.00 MM),1:1.05871,
C:\Users\ASUS\Desktop\autocad files\drawing5.dwg,Model,13-02-2019 19:15:20,ASUS,AutoCAD PDF (High Quality Print).pc3,ISO A4 (297.00 x 210.00 MM),1:1.69965,
C:\Users\ASUS\Desktop\autocad files\Drawing4.dwg,Model,13-02-2019 19:17:58,ASUS,AutoCAD PDF (High Quality Print).pc3,ISO A4 (297.00 x 210.00 MM),1:2.18846,
C:\Users\ASUS\Desktop\autocad files\Drawing4.dwg,Model,13-02-2019 19:19:21,ASUS,AutoCAD PDF (High Quality Print).pc3,ISO A4 (297.00 x 210.00 MM),1:2.18846,
C:\Users\ASUS\Desktop\autocad files\Drawing4.dwg,Model,13-02-2019 19:20:01,ASUS,AutoCAD PDF (High Quality Print).pc3,ISO A4 (297.00 x 210.00 MM),1:1.64672,
C:\Users\ASUS\Desktop\autocad files\Drawing3.dwg,Model,13-02-2019 19:21:42,ASUS,AutoCAD PDF (High Quality Print).pc3,ISO A4 (297.00 x 210.00 MM),1:2.19276,
C:\Users\ASUS\Desktop\autocad files\Drawing 3.dwg,Model,13-02-2019 19:25:28,ASUS,AutoCAD PDF (High Quality Print).pc3,ISO A4 (297.00 x 210.00 MM),1:1.90908,
C:\Users\ASUS\Documents\Drawing 6.dwg,Model,13-02-2019 19:58:12,ASUS,AutoCAD PDF (High Quality Print).pc3,ISO A4 (297.00 x 210.00 MM),1:1.02858,
C:\Users\ASUS\Desktop\autocad files\Drawing 7.dwg,Model,01-03-2019 10:40:36,ASUS,AutoCAD PDF (High Quality Print).pc3,ISO A4 (210.00 x 297.00 MM),1:3.61266,
C:\Users\ASUS\Desktop\autocad files\Drawing 7.dwg,Model,01-03-2019 10:43:25,ASUS,AutoCAD PDF (High Quality Print).pc3,ISO A4 (210.00 x 297.00 MM),1:1.03424,
C:\Users\ASUS\Desktop\autocad files\Drawing 9.dwg,Model,05-03-2019 20:29:03,ASUS,AutoCAD PDF (High Quality Print).pc3,ISO A4 (297.00 x 210.00 MM),1:0.765018,
C:\Users\ASUS\Desktop\autocad files\Drawing 9.dwg,Model,05-03-2019 20:35:52,ASUS,AutoCAD PDF (High Quality Print).pc3,ISO A4 (297.00 x 210.00 MM),1:0.606982,
C:\Users\ASUS\Desktop\autocad files\Drawing 8.dwg,Model,05-03-2019 20:49:08,ASUS,AutoCAD PDF (High Quality Print).pc3,ISO A4 (297.00 x 210.00 MM),1:0.442671,
C:\Users\ASUS\Desktop\autocad files\Drawing 8.dwg,Model,05-03-2019 20:50:14,ASUS,AutoCAD PDF (High Quality Print).pc3,ISO A4 (297.00 x 210.00 MM),1:0.443579,
C:\Users\ASUS\Desktop\autocad files\Drawing 8.dwg,Model,05-03-2019 20:51:05,ASUS,AutoCAD PDF (High Quality Print).pc3,ISO A4 (297.00 x 210.00 MM),1:0.496596,
